<?xml version="1.0" encoding="UTF-8"?>
<testng-results ignored="0" total="2" passed="2" failed="0" skipped="0">
  <reporter-output>
  </reporter-output>
  <suite started-at="2025-08-18T12:14:33 IST" name="MySuite" finished-at="2025-08-18T12:14:33 IST" duration-ms="65">
    <groups>
    </groups>
    <test started-at="2025-08-18T12:14:33 IST" name="MyTests" finished-at="2025-08-18T12:14:33 IST" duration-ms="65">
      <class name="com.example.AppTest">
        <test-method signature="testOne()[pri:0, instance:com.example.AppTest@8f4ea7c]" started-at="2025-08-18T12:14:33 IST" name="testOne" finished-at="2025-08-18T12:14:33 IST" duration-ms="16" status="PASS">
          <reporter-output>
          </reporter-output>
        </test-method> <!-- testOne -->
        <test-method signature="testTwo()[pri:0, instance:com.example.AppTest@8f4ea7c]" started-at="2025-08-18T12:14:33 IST" name="testTwo" finished-at="2025-08-18T12:14:33 IST" duration-ms="2" status="PASS">
          <reporter-output>
          </reporter-output>
        </test-method> <!-- testTwo -->
      </class> <!-- com.example.AppTest -->
    </test> <!-- MyTests -->
  </suite> <!-- MySuite -->
</testng-results>
