<?xml version="1.0" encoding="UTF-8"?>
<testng-results ignored="0" total="1" passed="1" failed="0" skipped="0">
  <reporter-output>
  </reporter-output>
  <suite started-at="2025-08-20T17:02:57 IST" name="Default suite" finished-at="2025-08-20T17:03:04 IST" duration-ms="6540">
    <groups>
    </groups>
    <test started-at="2025-08-20T17:02:57 IST" name="Default test" finished-at="2025-08-20T17:03:04 IST" duration-ms="6540">
      <class name="com.mrinal.selenium.GoogleTestWithReport">
        <test-method is-config="true" signature="setupReport()[pri:0, instance:com.mrinal.selenium.GoogleTestWithReport@4cc6fa2a]" started-at="2025-08-20T17:02:57 IST" name="setupReport" finished-at="2025-08-20T17:02:57 IST" duration-ms="251" status="PASS">
          <reporter-output>
          </reporter-output>
        </test-method> <!-- setupReport -->
        <test-method is-config="true" signature="setUp()[pri:0, instance:com.mrinal.selenium.GoogleTestWithReport@4cc6fa2a]" started-at="2025-08-20T17:02:57 IST" name="setUp" finished-at="2025-08-20T17:03:02 IST" duration-ms="4711" status="PASS">
          <reporter-output>
          </reporter-output>
        </test-method> <!-- setUp -->
        <test-method signature="openGoogle()[pri:0, instance:com.mrinal.selenium.GoogleTestWithReport@4cc6fa2a]" started-at="2025-08-20T17:03:02 IST" name="openGoogle" finished-at="2025-08-20T17:03:04 IST" duration-ms="1510" status="PASS">
          <reporter-output>
          </reporter-output>
        </test-method> <!-- openGoogle -->
        <test-method is-config="true" signature="tearDown()[pri:0, instance:com.mrinal.selenium.GoogleTestWithReport@4cc6fa2a]" started-at="2025-08-20T17:03:04 IST" name="tearDown" finished-at="2025-08-20T17:03:04 IST" duration-ms="257" status="PASS">
          <reporter-output>
          </reporter-output>
        </test-method> <!-- tearDown -->
        <test-method is-config="true" signature="tearDownReport()[pri:0, instance:com.mrinal.selenium.GoogleTestWithReport@4cc6fa2a]" started-at="2025-08-20T17:03:04 IST" name="tearDownReport" finished-at="2025-08-20T17:03:04 IST" duration-ms="335" status="PASS">
          <reporter-output>
          </reporter-output>
        </test-method> <!-- tearDownReport -->
      </class> <!-- com.mrinal.selenium.GoogleTestWithReport -->
    </test> <!-- Default test -->
  </suite> <!-- Default suite -->
</testng-results>
