<?xml version="1.0" encoding="UTF-8"?>
<!-- Generated by org.testng.reporters.JUnitXMLReporter -->
<testsuite ignored="0" hostname="DESKTOP-R8IOJLM" failures="0" tests="4" name="Default test" time="0.096" errors="0" timestamp="2025-08-18T12:58:09 IST">
  <testcase classname="com.example.testng.CalculatorTest" name="testAddition" time="0.02"/>
  <testcase classname="com.example.testng.CalculatorTest" name="testSubtraction" time="0.004"/>
  <testcase classname="com.example.testng.CalculatorTest" name="testMultiplication" time="0.001"/>
  <testcase classname="com.example.testng.CalculatorTest" name="testDivision" time="0.006"/>
</testsuite> <!-- Default test -->
