<?xml version="1.0" encoding="UTF-8"?>
<testng-results ignored="0" total="2" passed="2" failed="0" skipped="0">
  <reporter-output>
  </reporter-output>
  <suite started-at="2025-08-18T15:25:56 IST" name="Suite" finished-at="2025-08-18T15:26:10 IST" duration-ms="13977">
    <groups>
    </groups>
    <test started-at="2025-08-18T15:25:56 IST" name="Calculator2 Tests" finished-at="2025-08-18T15:26:10 IST" duration-ms="13977">
      <class name="com.example2.AppTest">
        <test-method is-config="true" signature="setUp()[pri:0, instance:com.example2.AppTest@762ef0ea]" started-at="2025-08-18T15:25:56 IST" name="setUp" finished-at="2025-08-18T15:26:05 IST" duration-ms="8341" status="PASS">
          <reporter-output>
          </reporter-output>
        </test-method> <!-- setUp -->
        <test-method signature="readTableData()[pri:0, instance:com.example2.AppTest@762ef0ea]" started-at="2025-08-18T15:26:05 IST" name="readTableData" finished-at="2025-08-18T15:26:05 IST" duration-ms="63" status="PASS">
          <reporter-output>
          </reporter-output>
        </test-method> <!-- readTableData -->
        <test-method is-config="true" signature="tearDown()[pri:0, instance:com.example2.AppTest@762ef0ea]" started-at="2025-08-18T15:26:05 IST" name="tearDown" finished-at="2025-08-18T15:26:05 IST" duration-ms="289" status="PASS">
          <reporter-output>
          </reporter-output>
        </test-method> <!-- tearDown -->
      </class> <!-- com.example2.AppTest -->
      <class name="com.example2.SeleniumLocalHtmlByXpath">
        <test-method signature="testLocalHtmlFile()[pri:0, instance:com.example2.SeleniumLocalHtmlByXpath@5f8edcc5]" started-at="2025-08-18T15:26:05 IST" name="testLocalHtmlFile" finished-at="2025-08-18T15:26:10 IST" duration-ms="5213" status="PASS">
          <reporter-output>
          </reporter-output>
        </test-method> <!-- testLocalHtmlFile -->
      </class> <!-- com.example2.SeleniumLocalHtmlByXpath -->
    </test> <!-- Calculator2 Tests -->
  </suite> <!-- Suite -->
</testng-results>
